<?xml version="1.0" encoding="utf-8"?><testsuites name="pytest tests"><testsuite name="pytest" errors="0" failures="1" skipped="0" tests="6" time="1.284" timestamp="2026-09-02T20:44:35.714224+00:00" hostname="agent-env-3e5ebfa4-4278-4f61-81b3-52f0974fbde3"><testcase classname="tests.test_atlas_v28.TestReinitialiser" name="test_reinit_ok" time="0.321" /><testcase classname="tests.test_atlas_v28.TestPatchJumeauPosition" name="test_patch_position_persists" time="0.447" /><testcase classname="tests.test_atlas_v28.TestMeshStability" name="test_relations_count_stable" time="0.350" /><testcase classname="tests.test_atlas_v28.TestPatchJumeauPosition" name="test_patch_bad_payload_400" time="0.076" /><testcase classname="tests.test_atlas_v28.TestPatchJumeauPosition" name="test_patch_unknown_404" time="0.089"><failure message="assert 200 == 404&#10; +  where 200 = &lt;Response [200]&gt;.status_code">backend/tests/test_atlas_v28.py:53: in test_patch_unknown_404
    assert r.status_code == 404
E   assert 200 == 404
E    +  where 200 = &lt;Response [200]&gt;.status_code</failure></testcase><testcase classname="tests.test_atlas_v28.TestPatchJumeauPosition" name="test_patch_domaine_reclassification" time="0.276" /></testsuite></testsuites>