<?xml version="1.0" encoding="utf-8"?><testsuites name="pytest tests"><testsuite name="pytest" errors="0" failures="0" skipped="0" tests="10" time="1.706" timestamp="2026-08-26T01:03:05.700834+00:00" hostname="agent-env-3e5ebfa4-4278-4f61-81b3-52f0974fbde3"><testcase classname="tests.test_commandes" name="test_connecteurs_catalogue" time="0.206" /><testcase classname="tests.test_commandes" name="test_commandes_seed_remboursements" time="0.053" /><testcase classname="tests.test_commandes" name="test_lire_commande_remboursements" time="0.048" /><testcase classname="tests.test_commandes" name="test_creer_et_patch_commande" time="0.210" /><testcase classname="tests.test_commandes" name="test_tester_oracle_configuration_incomplete" time="0.112" /><testcase classname="tests.test_commandes" name="test_tester_pg_prete" time="0.052" /><testcase classname="tests.test_commandes" name="test_import_apercu_cmdb" time="0.052" /><testcase classname="tests.test_commandes" name="test_lancer_incomplet_422" time="0.100" /><testcase classname="tests.test_commandes" name="test_lancer_complet_puis_409" time="0.253" /><testcase classname="tests.test_commandes" name="test_reinitialiser_demo_restaure_cmd" time="0.167" /></testsuite></testsuites>