<?xml version="1.0" encoding="utf-8"?><testsuites name="pytest tests"><testsuite name="pytest" errors="0" failures="0" skipped="0" tests="8" time="2.113" timestamp="2026-08-26T13:44:28.862335+00:00" hostname="agent-env-3e5ebfa4-4278-4f61-81b3-52f0974fbde3"><testcase classname="tests.test_comprendre.TestNoRegressionActualites" name="test_actualites_brief_ok" time="0.250" /><testcase classname="tests.test_comprendre.TestHistoireDetail" name="test_sit_latence_paiements" time="0.415" /><testcase classname="tests.test_comprendre.TestNoRegressionActualites" name="test_actualites_7j" time="0.210" /><testcase classname="tests.test_comprendre.TestHistoireDetail" name="test_id_inconnu_404" time="0.254" /><testcase classname="tests.test_comprendre.TestRBACSupport" name="test_support_ne_voit_pas_situation_hors_perimetre" time="0.137" /><testcase classname="tests.test_comprendre.TestHistoireDetail" name="test_prefixe_inconnu_404" time="0.174" /><testcase classname="tests.test_comprendre.TestHistoireDetail" name="test_variantes_par_genre" time="0.670" /><testcase classname="tests.test_comprendre.TestHistoireDetail" name="test_relation_evolution" time="0.213" /></testsuite></testsuites>