<?xml version="1.0" encoding="utf-8"?><testsuites name="pytest tests"><testsuite name="pytest" errors="0" failures="0" skipped="0" tests="10" time="1.544" timestamp="2026-08-25T03:48:09.293872+00:00" hostname="agent-env-3e5ebfa4-4278-4f61-81b3-52f0974fbde3"><testcase classname="tests.test_iteration11" name="test_intention_relations_paiements_fraude_identite" time="0.159" /><testcase classname="tests.test_iteration11" name="test_intention_inconnues_propose_voisin" time="0.110" /><testcase classname="tests.test_iteration11" name="test_intention_impact_change_lab" time="0.104" /><testcase classname="tests.test_iteration11" name="test_intention_parcours" time="0.104" /><testcase classname="tests.test_iteration11" name="test_intention_investigation" time="0.110" /><testcase classname="tests.test_iteration11" name="test_accuse_contexte_sans_intention" time="0.146" /><testcase classname="tests.test_iteration11" name="test_domaine_sans_selection_utilise_jumeaux_du_domaine" time="0.098" /><testcase classname="tests.test_iteration11" name="test_rbac_support_filtre_paiements" time="0.098" /><testcase classname="tests.test_iteration11" name="test_prescripte_sans_selection_intact" time="0.130" /><testcase classname="tests.test_iteration11" name="test_mesh_ok" time="0.113" /></testsuite></testsuites>