<?xml version="1.0" encoding="utf-8"?><testsuites name="pytest tests"><testsuite name="pytest" errors="0" failures="0" skipped="0" tests="8" time="1.098" timestamp="2026-08-26T10:24:50.023776+00:00" hostname="agent-env-3e5ebfa4-4278-4f61-81b3-52f0974fbde3"><testcase classname="tests.test_initiatives" name="test_compteurs" time="0.259" /><testcase classname="tests.test_initiatives" name="test_a_traiter_contenu" time="0.067" /><testcase classname="tests.test_initiatives" name="test_radar_et_rbac_support" time="0.063" /><testcase classname="tests.test_initiatives" name="test_reponse_suivre_puis_409" time="0.200" /><testcase classname="tests.test_initiatives" name="test_reponse_confirmation_par_destinataire" time="0.065" /><testcase classname="tests.test_initiatives" name="test_reponse_rejet_motif_conserve" time="0.065" /><testcase classname="tests.test_initiatives" name="test_reponse_creer_travail" time="0.136" /><testcase classname="tests.test_initiatives" name="test_delegations_cycle" time="0.191" /></testsuite></testsuites>