<?xml version="1.0" encoding="utf-8"?><testsuites name="pytest tests"><testsuite name="pytest" errors="0" failures="0" skipped="0" tests="7" time="0.924" timestamp="2026-08-25T03:14:02.733269+00:00" hostname="agent-env-3e5ebfa4-4278-4f61-81b3-52f0974fbde3"><testcase classname="tests.test_iteration10" name="test_reinitialiser_demo_ok" time="0.172" /><testcase classname="tests.test_iteration10" name="test_mesh_apres_reset" time="0.105" /><testcase classname="tests.test_iteration10" name="test_journal_premier_reset" time="0.111" /><testcase classname="tests.test_iteration10" name="test_aurora_recherche_remboursements" time="0.138" /><testcase classname="tests.test_iteration10" name="test_aurora_fallback_inexistant" time="0.106" /><testcase classname="tests.test_iteration10" name="test_aurora_rbac_support_fraude_hors_perimetre" time="0.120" /><testcase classname="tests.test_iteration10" name="test_aurora_rbac_support_notifications_pas_de_jumeaux_non_autorises" time="0.102" /></testsuite></testsuites>