<?xml version="1.0" encoding="utf-8"?><testsuites name="pytest tests"><testsuite name="pytest" errors="0" failures="1" skipped="0" tests="20" time="3.920" timestamp="2026-08-25T01:25:09.369581+00:00" hostname="agent-env-3e5ebfa4-4278-4f61-81b3-52f0974fbde3"><testcase classname="tests.backend_test_perimetres" name="test_personas" time="0.185" /><testcase classname="tests.backend_test_perimetres" name="test_espaces_paiements" time="0.114" /><testcase classname="tests.backend_test_perimetres" name="test_perimetre_paiements" time="0.162" /><testcase classname="tests.backend_test_perimetres" name="test_mesh_paiements_resume_autorise" time="0.157"><failure message="AssertionError: assert 'support' not in 'paiements f...maine client'&#10;  &#10;  'support' is contained here:&#10;  ?                                                                                                                                                      ^^^^^^^^^^^^^^^^^^^^^^^^^^^^^^^^^&#10;    paiements facturation comptes application restreinte — domaine distribution application restreinte — domaine risque application restreinte — domaine support application restreinte — domaine opérations application restreinte — domaine client&#10;  ?                                                                                                                                                      ^^^^^^^^^^^^^^^^^^^^^^^^^^^^^^^^^^^^^^^^">backend/tests/backend_test_perimetres.py:69: in test_mesh_paiements_resume_autorise
    assert "support" not in twin_names
E   AssertionError: assert 'support' not in 'paiements f...maine client'
E     
E     'support' is contained here:
E     ?                                                                                                                                                      ^^^^^^^^^^^^^^^^^^^^^^^^^^^^^^^^^
E       paiements facturation comptes application restreinte — domaine distribution application restreinte — domaine risque application restreinte — domaine support application restreinte — domaine opérations application restreinte — domaine client
E     ?                                                                                                                                                      ^^^^^^^^^^^^^^^^^^^^^^^^^^^^^^^^^^^^^^^^</failure></testcase><testcase classname="tests.backend_test_perimetres" name="test_mesh_support_anonymisee_sans_domaine" time="0.184" /><testcase classname="tests.backend_test_perimetres" name="test_mesh_risque_masquage" time="0.141" /><testcase classname="tests.backend_test_perimetres" name="test_situations_paiements_filtrees" time="0.192" /><testcase classname="tests.backend_test_perimetres" name="test_situation_support_404_pour_paiements" time="0.123" /><testcase classname="tests.backend_test_perimetres" name="test_aurora_hors_perimetre_paiements_sur_support" time="0.145" /><testcase classname="tests.backend_test_perimetres" name="test_aurora_normal_architecte_mesh_global" time="0.127" /><testcase classname="tests.backend_test_perimetres" name="test_aurora_suggestions_paiements_pas_support" time="0.108" /><testcase classname="tests.backend_test_perimetres" name="test_confirmer_r6_espace_support_reussit" time="0.122" /><testcase classname="tests.backend_test_perimetres" name="test_confirmer_r12_espace_paiements_403" time="0.134" /><testcase classname="tests.backend_test_perimetres" name="test_admettre_conformite_paiements_404" time="0.128" /><testcase classname="tests.backend_test_perimetres" name="test_admettre_conformite_architecte_200" time="0.108" /><testcase classname="tests.backend_test_perimetres" name="test_activite_paiements_pool_filtre" time="0.119" /><testcase classname="tests.backend_test_perimetres" name="test_decisions_paiements_pas_r12_r14" time="0.117" /><testcase classname="tests.backend_test_perimetres" name="test_vues_paiements_liste_deux" time="0.150" /><testcase classname="tests.backend_test_perimetres" name="test_creer_vue_puis_verifier_puis_delete" time="0.223" /><testcase classname="tests.backend_test_perimetres" name="test_journal_endpoint" time="0.211" /></testsuite></testsuites>