<?xml version="1.0" encoding="utf-8"?><testsuites name="pytest tests"><testsuite name="pytest" errors="0" failures="0" skipped="0" tests="10" time="25.635" timestamp="2026-08-26T05:13:56.749828+00:00" hostname="agent-env-3e5ebfa4-4278-4f61-81b3-52f0974fbde3"><testcase classname="tests.test_iteration21" name="test_case_detail_contient_nouveaux_champs" time="15.173" /><testcase classname="tests.test_iteration21" name="test_case_olympiade_num_41" time="0.143" /><testcase classname="tests.test_iteration21" name="test_actualiser_resume" time="0.184" /><testcase classname="tests.test_iteration21" name="test_ajouter_hypothese_persistance" time="0.196" /><testcase classname="tests.test_iteration21" name="test_hypothese_vide_400" time="0.086" /><testcase classname="tests.test_iteration21" name="test_ouvrir_investigation_cree_situation" time="0.281" /><testcase classname="tests.test_iteration21" name="test_evolutions_recentes_multi_persona" time="8.716" /><testcase classname="tests.test_iteration21" name="test_delete_jumeau_cycle" time="0.407" /><testcase classname="tests.test_iteration21" name="test_delete_jumeau_inexistant_404" time="0.090" /><testcase classname="tests.test_iteration21" name="test_reset_purge_notifications" time="0.289" /></testsuite></testsuites>