<?xml version="1.0" encoding="utf-8"?><testsuites name="pytest tests"><testsuite name="pytest" errors="0" failures="0" skipped="1" tests="89" time="10.295" timestamp="2026-08-26T06:37:37.606361+00:00" hostname="agent-env-3e5ebfa4-4278-4f61-81b3-52f0974fbde3"><testcase classname="tests.backend_test" name="test_health" time="0.179" /><testcase classname="tests.backend_test" name="test_mesh" time="0.051" /><testcase classname="tests.backend_test" name="test_situations_liste" time="0.052" /><testcase classname="tests.backend_test" name="test_situation_detail_sit_relation_emergente" time="0.048" /><testcase classname="tests.backend_test" name="test_situation_action_coincidence_puis_restore" time="0.251" /><testcase classname="tests.backend_test" name="test_situation_action_invalide" time="0.045" /><testcase classname="tests.backend_test" name="test_confirmer_relation_r6_puis_restore" time="0.154" /><testcase classname="tests.backend_test" name="test_confirmer_relation_inexistante" time="0.050" /><testcase classname="tests.backend_test" name="test_decisions_endpoint" time="0.049" /><testcase classname="tests.backend_test" name="test_change_lab_get" time="0.046" /><testcase classname="tests.backend_test" name="test_change_lab_simuler" time="0.047" /><testcase classname="tests.backend_test" name="test_change_lab_dossier" time="0.047" /><testcase classname="tests.backend_test" name="test_aurora_atlas_mentionne_APP_2748" time="0.049" /><testcase classname="tests.backend_test" name="test_aurora_comportement_investigation" time="0.053" /><testcase classname="tests.backend_test" name="test_aurora_comportement_decisions" time="0.052" /><testcase classname="tests.backend_test" name="test_aurora_fallback" time="0.048" /><testcase classname="tests.backend_test" name="test_aurora_suggestions_par_contexte" time="0.248" /><testcase classname="tests.backend_test" name="test_jumeaux_liste" time="0.050" /><testcase classname="tests.backend_test" name="test_creer_admettre_supprimer_jumeau" time="0.203" /><testcase classname="tests.backend_test" name="test_examiner_jumeau" time="0.046" /><testcase classname="tests.backend_test" name="test_admettre_inexistant" time="0.046" /><testcase classname="tests.backend_test" name="test_demo_actes_3" time="0.049" /><testcase classname="tests.backend_test" name="test_activite" time="0.046" /><testcase classname="tests.test_actualites" name="test_actualites_aujourdhui" time="0.098" /><testcase classname="tests.test_actualites" name="test_actualites_periode_7j" time="0.044" /><testcase classname="tests.test_actualites" name="test_actualites_date_passee" time="0.053" /><testcase classname="tests.test_actualites" name="test_actualites_portee_global" time="0.052" /><testcase classname="tests.test_actualites" name="test_actualites_global_refuse_paiements" time="0.045" /><testcase classname="tests.test_actualites" name="test_actualites_rbac_support" time="0.052" /><testcase classname="tests.test_cases_flore" name="test_lister_cases_architecte" time="0.128" /><testcase classname="tests.test_cases_flore" name="test_obtenir_case_olympiade" time="0.061" /><testcase classname="tests.test_cases_flore" name="test_obtenir_case_inexistant" time="0.057" /><testcase classname="tests.test_cases_flore" name="test_creer_case_et_verifier_persistance" time="0.113" /><testcase classname="tests.test_cases_flore" name="test_patch_case_statut_et_historique" time="0.132" /><testcase classname="tests.test_cases_flore" name="test_message_case_reponse_flore" time="0.176" /><testcase classname="tests.test_cases_flore" name="test_message_vide_400" time="0.111" /><testcase classname="tests.test_cases_flore" name="test_ajouter_option_case" time="0.168" /><testcase classname="tests.test_cases_flore" name="test_ajouter_decision_case" time="0.177" /><testcase classname="tests.test_cases_flore" name="test_produire_livrable_case" time="0.111" /><testcase classname="tests.test_cases_flore" name="test_flore_demander_global" time="0.054" /><testcase classname="tests.test_cases_flore" name="test_flore_demander_selection" time="0.053" /><testcase classname="tests.test_cases_flore" name="test_rbac_support_cases_filtre" time="0.150" /><testcase classname="tests.test_cases_flore" name="test_rbac_support_case_hors_perimetre_403" time="0.178" /><testcase classname="tests.test_cases_flore" name="test_seed_version" time="0.133"><skipped type="pytest.skip" message="Pas d'endpoint /etat">/app/backend/tests/test_cases_flore.py:210: Pas d'endpoint /etat</skipped></testcase><testcase classname="tests.test_commandes" name="test_connecteurs_catalogue" time="0.088" /><testcase classname="tests.test_commandes" name="test_commandes_seed_remboursements" time="0.046" /><testcase classname="tests.test_commandes" name="test_lire_commande_remboursements" time="0.042" /><testcase classname="tests.test_commandes" name="test_creer_et_patch_commande" time="0.164" /><testcase classname="tests.test_commandes" name="test_tester_oracle_configuration_incomplete" time="0.087" /><testcase classname="tests.test_commandes" name="test_tester_pg_prete" time="0.047" /><testcase classname="tests.test_commandes" name="test_import_apercu_cmdb" time="0.040" /><testcase classname="tests.test_commandes" name="test_lancer_incomplet_422" time="0.093" /><testcase classname="tests.test_commandes" name="test_lancer_complet_puis_409" time="0.214" /><testcase classname="tests.test_commandes" name="test_reinitialiser_demo_restaure_cmd" time="0.155" /><testcase classname="tests.test_iteration10" name="test_reinitialiser_demo_ok" time="0.125" /><testcase classname="tests.test_iteration10" name="test_mesh_apres_reset" time="0.114" /><testcase classname="tests.test_iteration10" name="test_journal_premier_reset" time="0.106" /><testcase classname="tests.test_iteration10" name="test_aurora_recherche_remboursements" time="0.319" /><testcase classname="tests.test_iteration10" name="test_aurora_fallback_inexistant" time="0.092" /><testcase classname="tests.test_iteration10" name="test_aurora_rbac_support_fraude_hors_perimetre" time="0.133" /><testcase classname="tests.test_iteration10" name="test_aurora_rbac_support_notifications_pas_de_jumeaux_non_autorises" time="0.113" /><testcase classname="tests.test_iteration11" name="test_intention_relations_paiements_fraude_identite" time="0.097" /><testcase classname="tests.test_iteration11" name="test_intention_inconnues_propose_voisin" time="0.099" /><testcase classname="tests.test_iteration11" name="test_intention_impact_change_lab" time="0.090" /><testcase classname="tests.test_iteration11" name="test_intention_parcours" time="0.100" /><testcase classname="tests.test_iteration11" name="test_intention_investigation" time="0.097" /><testcase classname="tests.test_iteration11" name="test_accuse_contexte_sans_intention" time="0.098" /><testcase classname="tests.test_iteration11" name="test_domaine_sans_selection_utilise_jumeaux_du_domaine" time="0.087" /><testcase classname="tests.test_iteration11" name="test_rbac_support_filtre_paiements" time="0.100" /><testcase classname="tests.test_iteration11" name="test_prescripte_sans_selection_intact" time="0.111" /><testcase classname="tests.test_iteration11" name="test_mesh_ok" time="0.094" /><testcase classname="tests.test_iteration21" name="test_case_detail_contient_nouveaux_champs" time="0.090" /><testcase classname="tests.test_iteration21" name="test_case_olympiade_num_41" time="0.137" /><testcase classname="tests.test_iteration21" name="test_actualiser_resume" time="0.190" /><testcase classname="tests.test_iteration21" name="test_ajouter_hypothese_persistance" time="0.186" /><testcase classname="tests.test_iteration21" name="test_hypothese_vide_400" time="0.119" /><testcase classname="tests.test_iteration21" name="test_ouvrir_investigation_cree_situation" time="0.281" /><testcase classname="tests.test_iteration21" name="test_evolutions_recentes_multi_persona" time="0.484" /><testcase classname="tests.test_iteration21" name="test_delete_jumeau_cycle" time="0.279" /><testcase classname="tests.test_iteration21" name="test_delete_jumeau_inexistant_404" time="0.092" /><testcase classname="tests.test_iteration21" name="test_reset_purge_notifications" time="0.309" /><testcase classname="tests.test_notifications_arevoir" name="test_lister_notifications_architecte" time="0.137" /><testcase classname="tests.test_notifications_arevoir" name="test_lister_notifications_paiements" time="0.145" /><testcase classname="tests.test_notifications_arevoir" name="test_marquer_notif_lue" time="0.076" /><testcase classname="tests.test_notifications_arevoir" name="test_notifications_tout_lire" time="0.157" /><testcase classname="tests.test_notifications_arevoir" name="test_confirmer_relation_r6_marque_case_a_revoir" time="0.133" /><testcase classname="tests.test_notifications_arevoir" name="test_patch_a_revoir_false_ajoute_historique" time="0.042" /><testcase classname="tests.test_notifications_arevoir" name="test_creer_case_avec_responsable_notifie" time="0.133" /><testcase classname="tests.test_notifications_arevoir" name="test_patch_responsable_notifie_le_nouveau" time="0.210" /></testsuite></testsuites>