<?xml version="1.0" encoding="utf-8"?><testsuites name="pytest tests"><testsuite name="pytest" errors="0" failures="0" skipped="1" tests="15" time="1.904" timestamp="2026-08-26T04:15:53.082829+00:00" hostname="agent-env-3e5ebfa4-4278-4f61-81b3-52f0974fbde3"><testcase classname="tests.test_cases_flore" name="test_lister_cases_architecte" time="0.163" /><testcase classname="tests.test_cases_flore" name="test_obtenir_case_olympiade" time="0.043" /><testcase classname="tests.test_cases_flore" name="test_obtenir_case_inexistant" time="0.043" /><testcase classname="tests.test_cases_flore" name="test_creer_case_et_verifier_persistance" time="0.102" /><testcase classname="tests.test_cases_flore" name="test_patch_case_statut_et_historique" time="0.093" /><testcase classname="tests.test_cases_flore" name="test_message_case_reponse_flore" time="0.139" /><testcase classname="tests.test_cases_flore" name="test_message_vide_400" time="0.092" /><testcase classname="tests.test_cases_flore" name="test_ajouter_option_case" time="0.147" /><testcase classname="tests.test_cases_flore" name="test_ajouter_decision_case" time="0.172" /><testcase classname="tests.test_cases_flore" name="test_produire_livrable_case" time="0.098" /><testcase classname="tests.test_cases_flore" name="test_flore_demander_global" time="0.056" /><testcase classname="tests.test_cases_flore" name="test_flore_demander_selection" time="0.047" /><testcase classname="tests.test_cases_flore" name="test_rbac_support_cases_filtre" time="0.109" /><testcase classname="tests.test_cases_flore" name="test_rbac_support_case_hors_perimetre_403" time="0.140" /><testcase classname="tests.test_cases_flore" name="test_seed_version" time="0.103"><skipped type="pytest.skip" message="Pas d'endpoint /etat">/app/backend/tests/test_cases_flore.py:210: Pas d'endpoint /etat</skipped></testcase></testsuite></testsuites>