<?xml version="1.0" encoding="utf-8"?><testsuites name="pytest tests"><testsuite name="pytest" errors="0" failures="1" skipped="0" tests="18" time="1.640" timestamp="2026-08-24T23:58:24.577663+00:00" hostname="agent-env-3e5ebfa4-4278-4f61-81b3-52f0974fbde3"><testcase classname="tests.backend_test" name="test_health" time="0.195" /><testcase classname="tests.backend_test" name="test_mesh" time="0.053" /><testcase classname="tests.backend_test" name="test_situations_tri" time="0.053" /><testcase classname="tests.backend_test" name="test_situation_action_surveiller" time="0.053"><failure message="assert 404 == 200&#10; +  where 404 = &lt;Response [404]&gt;.status_code">backend/tests/backend_test.py:54: in test_situation_action_surveiller
    assert r.status_code == 200
E   assert 404 == 200
E    +  where 404 = &lt;Response [404]&gt;.status_code</failure></testcase><testcase classname="tests.backend_test" name="test_situation_decision_persistee" time="0.106" /><testcase classname="tests.backend_test" name="test_situation_action_invalide" time="0.053" /><testcase classname="tests.backend_test" name="test_change_lab_get" time="0.051" /><testcase classname="tests.backend_test" name="test_change_lab_simuler" time="0.055" /><testcase classname="tests.backend_test" name="test_change_lab_dossier" time="0.072" /><testcase classname="tests.backend_test" name="test_aurora_registry_support" time="0.051" /><testcase classname="tests.backend_test" name="test_aurora_fallback" time="0.046" /><testcase classname="tests.backend_test" name="test_aurora_suggestions" time="0.047" /><testcase classname="tests.backend_test" name="test_jumeaux_liste" time="0.053" /><testcase classname="tests.backend_test" name="test_creer_et_admettre_jumeau" time="0.149" /><testcase classname="tests.backend_test" name="test_examiner_jumeau" time="0.055" /><testcase classname="tests.backend_test" name="test_admettre_inexistant" time="0.050" /><testcase classname="tests.backend_test" name="test_demo_actes" time="0.052" /><testcase classname="tests.backend_test" name="test_activite" time="0.050" /></testsuite></testsuites>