<?xml version="1.0" encoding="utf-8"?><testsuites name="pytest tests"><testsuite name="pytest" errors="0" failures="0" skipped="1" tests="73" time="7.362" timestamp="2026-08-26T05:12:19.915272+00:00" hostname="agent-env-3e5ebfa4-4278-4f61-81b3-52f0974fbde3"><testcase classname="tests.backend_test" name="test_health" time="0.113" /><testcase classname="tests.backend_test" name="test_mesh" time="0.045" /><testcase classname="tests.backend_test" name="test_situations_liste" time="0.045" /><testcase classname="tests.backend_test" name="test_situation_detail_sit_relation_emergente" time="0.043" /><testcase classname="tests.backend_test" name="test_situation_action_coincidence_puis_restore" time="0.282" /><testcase classname="tests.backend_test" name="test_situation_action_invalide" time="0.081" /><testcase classname="tests.backend_test" name="test_confirmer_relation_r6_puis_restore" time="0.150" /><testcase classname="tests.backend_test" name="test_confirmer_relation_inexistante" time="0.082" /><testcase classname="tests.backend_test" name="test_decisions_endpoint" time="0.078" /><testcase classname="tests.backend_test" name="test_change_lab_get" time="0.040" /><testcase classname="tests.backend_test" name="test_change_lab_simuler" time="0.041" /><testcase classname="tests.backend_test" name="test_change_lab_dossier" time="0.079" /><testcase classname="tests.backend_test" name="test_aurora_atlas_mentionne_APP_2748" time="0.043" /><testcase classname="tests.backend_test" name="test_aurora_comportement_investigation" time="0.080" /><testcase classname="tests.backend_test" name="test_aurora_comportement_decisions" time="0.041" /><testcase classname="tests.backend_test" name="test_aurora_fallback" time="0.083" /><testcase classname="tests.backend_test" name="test_aurora_suggestions_par_contexte" time="0.314" /><testcase classname="tests.backend_test" name="test_jumeaux_liste" time="0.039" /><testcase classname="tests.backend_test" name="test_creer_admettre_supprimer_jumeau" time="0.215" /><testcase classname="tests.backend_test" name="test_examiner_jumeau" time="0.050" /><testcase classname="tests.backend_test" name="test_admettre_inexistant" time="0.041" /><testcase classname="tests.backend_test" name="test_demo_actes_3" time="0.043" /><testcase classname="tests.backend_test" name="test_activite" time="0.039" /><testcase classname="tests.test_cases_flore" name="test_lister_cases_architecte" time="0.090" /><testcase classname="tests.test_cases_flore" name="test_obtenir_case_olympiade" time="0.051" /><testcase classname="tests.test_cases_flore" name="test_obtenir_case_inexistant" time="0.040" /><testcase classname="tests.test_cases_flore" name="test_creer_case_et_verifier_persistance" time="0.085" /><testcase classname="tests.test_cases_flore" name="test_patch_case_statut_et_historique" time="0.155" /><testcase classname="tests.test_cases_flore" name="test_message_case_reponse_flore" time="0.224" /><testcase classname="tests.test_cases_flore" name="test_message_vide_400" time="0.082" /><testcase classname="tests.test_cases_flore" name="test_ajouter_option_case" time="0.146" /><testcase classname="tests.test_cases_flore" name="test_ajouter_decision_case" time="0.130" /><testcase classname="tests.test_cases_flore" name="test_produire_livrable_case" time="0.109" /><testcase classname="tests.test_cases_flore" name="test_flore_demander_global" time="0.043" /><testcase classname="tests.test_cases_flore" name="test_flore_demander_selection" time="0.057" /><testcase classname="tests.test_cases_flore" name="test_rbac_support_cases_filtre" time="0.101" /><testcase classname="tests.test_cases_flore" name="test_rbac_support_case_hors_perimetre_403" time="0.133" /><testcase classname="tests.test_cases_flore" name="test_seed_version" time="0.091"><skipped type="pytest.skip" message="Pas d'endpoint /etat">/app/backend/tests/test_cases_flore.py:210: Pas d'endpoint /etat</skipped></testcase><testcase classname="tests.test_commandes" name="test_connecteurs_catalogue" time="0.090" /><testcase classname="tests.test_commandes" name="test_commandes_seed_remboursements" time="0.041" /><testcase classname="tests.test_commandes" name="test_lire_commande_remboursements" time="0.042" /><testcase classname="tests.test_commandes" name="test_creer_et_patch_commande" time="0.166" /><testcase classname="tests.test_commandes" name="test_tester_oracle_configuration_incomplete" time="0.081" /><testcase classname="tests.test_commandes" name="test_tester_pg_prete" time="0.047" /><testcase classname="tests.test_commandes" name="test_import_apercu_cmdb" time="0.040" /><testcase classname="tests.test_commandes" name="test_lancer_incomplet_422" time="0.128" /><testcase classname="tests.test_commandes" name="test_lancer_complet_puis_409" time="0.214" /><testcase classname="tests.test_commandes" name="test_reinitialiser_demo_restaure_cmd" time="0.139" /><testcase classname="tests.test_iteration10" name="test_reinitialiser_demo_ok" time="0.118" /><testcase classname="tests.test_iteration10" name="test_mesh_apres_reset" time="0.106" /><testcase classname="tests.test_iteration10" name="test_journal_premier_reset" time="0.111" /><testcase classname="tests.test_iteration10" name="test_aurora_recherche_remboursements" time="0.097" /><testcase classname="tests.test_iteration10" name="test_aurora_fallback_inexistant" time="0.118" /><testcase classname="tests.test_iteration10" name="test_aurora_rbac_support_fraude_hors_perimetre" time="0.103" /><testcase classname="tests.test_iteration10" name="test_aurora_rbac_support_notifications_pas_de_jumeaux_non_autorises" time="0.094" /><testcase classname="tests.test_iteration11" name="test_intention_relations_paiements_fraude_identite" time="0.091" /><testcase classname="tests.test_iteration11" name="test_intention_inconnues_propose_voisin" time="0.093" /><testcase classname="tests.test_iteration11" name="test_intention_impact_change_lab" time="0.096" /><testcase classname="tests.test_iteration11" name="test_intention_parcours" time="0.094" /><testcase classname="tests.test_iteration11" name="test_intention_investigation" time="0.093" /><testcase classname="tests.test_iteration11" name="test_accuse_contexte_sans_intention" time="0.091" /><testcase classname="tests.test_iteration11" name="test_domaine_sans_selection_utilise_jumeaux_du_domaine" time="0.094" /><testcase classname="tests.test_iteration11" name="test_rbac_support_filtre_paiements" time="0.102" /><testcase classname="tests.test_iteration11" name="test_prescripte_sans_selection_intact" time="0.092" /><testcase classname="tests.test_iteration11" name="test_mesh_ok" time="0.115" /><testcase classname="tests.test_notifications_arevoir" name="test_lister_notifications_architecte" time="0.147" /><testcase classname="tests.test_notifications_arevoir" name="test_lister_notifications_paiements" time="0.091" /><testcase classname="tests.test_notifications_arevoir" name="test_marquer_notif_lue" time="0.089" /><testcase classname="tests.test_notifications_arevoir" name="test_notifications_tout_lire" time="0.130" /><testcase classname="tests.test_notifications_arevoir" name="test_confirmer_relation_r6_marque_case_a_revoir" time="0.136" /><testcase classname="tests.test_notifications_arevoir" name="test_patch_a_revoir_false_ajoute_historique" time="0.052" /><testcase classname="tests.test_notifications_arevoir" name="test_creer_case_avec_responsable_notifie" time="0.143" /><testcase classname="tests.test_notifications_arevoir" name="test_patch_responsable_notifie_le_nouveau" time="0.188" /></testsuite></testsuites>