<?xml version="1.0" encoding="utf-8"?><testsuites name="pytest tests"><testsuite name="pytest" errors="0" failures="0" skipped="1" tests="15" time="1.932" timestamp="2026-08-26T04:35:08.400322+00:00" hostname="agent-env-3e5ebfa4-4278-4f61-81b3-52f0974fbde3"><testcase classname="tests.test_cases_flore" name="test_lister_cases_architecte" time="0.154" /><testcase classname="tests.test_cases_flore" name="test_obtenir_case_olympiade" time="0.045" /><testcase classname="tests.test_cases_flore" name="test_obtenir_case_inexistant" time="0.041" /><testcase classname="tests.test_cases_flore" name="test_creer_case_et_verifier_persistance" time="0.123" /><testcase classname="tests.test_cases_flore" name="test_patch_case_statut_et_historique" time="0.086" /><testcase classname="tests.test_cases_flore" name="test_message_case_reponse_flore" time="0.165" /><testcase classname="tests.test_cases_flore" name="test_message_vide_400" time="0.123" /><testcase classname="tests.test_cases_flore" name="test_ajouter_option_case" time="0.174" /><testcase classname="tests.test_cases_flore" name="test_ajouter_decision_case" time="0.164" /><testcase classname="tests.test_cases_flore" name="test_produire_livrable_case" time="0.082" /><testcase classname="tests.test_cases_flore" name="test_flore_demander_global" time="0.044" /><testcase classname="tests.test_cases_flore" name="test_flore_demander_selection" time="0.042" /><testcase classname="tests.test_cases_flore" name="test_rbac_support_cases_filtre" time="0.138" /><testcase classname="tests.test_cases_flore" name="test_rbac_support_case_hors_perimetre_403" time="0.128" /><testcase classname="tests.test_cases_flore" name="test_seed_version" time="0.091"><skipped type="pytest.skip" message="Pas d'endpoint /etat">/app/backend/tests/test_cases_flore.py:210: Pas d'endpoint /etat</skipped></testcase></testsuite></testsuites>