<?xml version="1.0" encoding="utf-8"?><testsuites name="pytest tests"><testsuite name="pytest" errors="0" failures="0" skipped="0" tests="8" time="1.498" timestamp="2026-08-26T04:36:01.178224+00:00" hostname="agent-env-3e5ebfa4-4278-4f61-81b3-52f0974fbde3"><testcase classname="tests.test_notifications_arevoir" name="test_lister_notifications_architecte" time="0.208" /><testcase classname="tests.test_notifications_arevoir" name="test_lister_notifications_paiements" time="0.137" /><testcase classname="tests.test_notifications_arevoir" name="test_marquer_notif_lue" time="0.095" /><testcase classname="tests.test_notifications_arevoir" name="test_notifications_tout_lire" time="0.078" /><testcase classname="tests.test_notifications_arevoir" name="test_confirmer_relation_r6_marque_case_a_revoir" time="0.183" /><testcase classname="tests.test_notifications_arevoir" name="test_patch_a_revoir_false_ajoute_historique" time="0.042" /><testcase classname="tests.test_notifications_arevoir" name="test_creer_case_avec_responsable_notifie" time="0.148" /><testcase classname="tests.test_notifications_arevoir" name="test_patch_responsable_notifie_le_nouveau" time="0.275" /></testsuite></testsuites>